#
# There is insufficient memory for the Java Runtime Environment to continue.
# Native memory allocation (mmap) failed to map 268435456 bytes for G1 virtual space
# Possible reasons:
#   The system is out of physical RAM or swap space
#   The process is running with CompressedOops enabled, and the Java Heap may be blocking the growth of the native heap
# Possible solutions:
#   Reduce memory load on the system
#   Increase physical memory or swap space
#   Check if swap backing store is full
#   Decrease Java heap size (-Xmx/-Xms)
#   Decrease number of Java threads
#   Decrease Java thread stack sizes (-Xss)
#   Set larger code cache with -XX:ReservedCodeCacheSize=
#   JVM is running with Zero Based Compressed Oops mode in which the Java heap is
#     placed in the first 32GB address space. The Java Heap base address is the
#     maximum limit for the native heap growth. Please use -XX:HeapBaseMinAddress
#     to set the Java Heap base and to place the Java Heap above 32GB virtual address.
# This output file may be truncated or incomplete.
#
#  Out of Memory Error (os_windows.cpp:3600), pid=10324, tid=1468
#
# JRE version:  (21.0.4+8) (build )
# Java VM: Java HotSpot(TM) 64-Bit Server VM (21.0.4+8-LTS-274, mixed mode, sharing, tiered, compressed oops, compressed class ptrs, g1 gc, windows-amd64)
# No core dump will be written. Minidumps are not enabled by default on client versions of Windows
#

---------------  S U M M A R Y ------------

Command Line: -Dfile.encoding=UTF-8 -Dstdout.encoding=UTF-8 -Dstderr.encoding=UTF-8 -XX:+ShowCodeDetailsInExceptionMessages projet.MainAdherent

Host: Intel(R) Core(TM) i7-6600U CPU @ 2.60GHz, 4 cores, 15G,  Windows 10 , 64 bit Build 19041 (10.0.19041.5915)
Time: Wed Jun 11 17:54:40 2025 Paris, Madrid (heure duild 19041 (10.0.19041.5915) elapsed time: 0.027479 seconds (0d 0h 0m 0s)

---------------  T H R E A D  ---------------

Current thread (0x000001e77e583440):  JavaThread "Unknown thread" [_thread_in_vm, id=1468, stack(0x0000007fa4e00000,0x0000007fa4f00000) (1024K)]

Stack: [0x0000007fa4e00000,0x0000007fa4f00000]
Native frames: (J=compiled Java code, j=interpreted, Vv=VM code, C=native code)
V  [jvm.dll+0x6c8e59]
V  [jvm.dll+0x853181]
V  [jvm.dll+0x8556ae]
V  [jvm.dll+0x855d83]
V  [jvm.dll+0x27d526]
V  [jvm.dll+0x6c55f5]
V  [jvm.dll+0x6ba17a]
V  [jvm.dll+0x352a8a]
V  [jvm.dll+0x35a6e6]
V  [jvm.dll+0x3acdae]
V  [jvm.dll+0x3ad058]
V  [jvm.dll+0x326dec]
V  [jvm.dll+0x32794b]
V  [jvm.dll+0x81c569]
V  [jvm.dll+0x3b9a11]
V  [jvm.dll+0x805948]
V  [jvm.dll+0x44ec5e]
V  [jvm.dll+0x450851]
C  [jli.dll+0x52a3]
C  [ucrtbase.dll+0x21bb2]
C  [KERNEL32.DLL+0x17374]
C  [ntdll.dll+0x4cc91]


---------------  P R O C E S S  ---------------

Threads class SMR info:
_java_thread_list=0x00007ff870306c08, length=0, elements={
}

Java Threads: ( => current thread )
Total: 0

Other Threads:
  0x000001e77e5e1500 WorkerThread "GC Thread#0"                     [id=12928, stack(0x0000007fa4f00000,0x0000007fa5000000) (1024K)]
  0x000001e77e5f2b40 ConcurrentGCThread "G1 Main Marker"            [id=23032, stack(0x0000007fa5000000,0x0000007fa5100000) (1024K)]
  0x000001e77e5f3550 WorkerThread "G1 Conc#0"                       [id=14392, stack(0x0000007fa5100000,0x0000007fa5200000) (1024K)]

[error occurred during error reporting (printing all threads), id 0xc0000005, EXCEPTION_ACCESS_VIOLATION (0xc0000005) at pc=0x00007ff86fa79577]
VM state: not at safepoint (not fully initialized)

VM Mutex/Monitor currently owned by a thread:  ([mutex/lock_event])
[0x00007ff870377f98] Heap_lock - owner thread: 0x000001e77e583440

Heap address: 0x0000000701400000, size: 4076 MB, Compressed Oops mode: Zero based, Oop shift amount: 3

CDS archive(s) mapped at: [0x0000000000000000-0x0000000000000000-0x0000000000000000), size 0, SharedBaseAddress: 0x0000000800000000, ArchiveRelocationMode: 1.
Narrow klass base: 0x0000000000000000, Narrow klass shift: 0, Narrow klass range: 0x0

GC Precious Log:
 CardTable entry size: 512
 Card Set container configuration: InlinePtr #cards 4 size 8 Array Of Cards #cards 16 size 48 Howl #buckets 8 coarsen threshold 3686 Howl Bitmap #cards 512 size 80 coarsen threshold 460 Card regions per heap region 1 cards per card region 4096

Heap:
 garbage-first heap   total 0K, used 0K [0x0000000701400000, 0x0000000800000000)
  region size 2048K, 0 young (0K), 0 survivors (0K)

[error occurred during error reporting (printing heap information), id 0xc0000005, EXCEPTION_ACCESS_VIOLATION (0xc0000005) at pc=0x00007ff86fe61df9]
GC Heap History (0 events):
No events

Dll operation events (1 events):
Event: 0.015 Loaded shared library C:\Program Files\Java\jdk-21\bin\java.dll

Deoptimization events (0 events):
No events

Classes loaded (0 events):
No events

Classes unloaded (0 events):
No events

Classes redefined (0 events):
No events

Internal exceptions (0 events):
No events

ZGC Phase Switch (0 events):
No events

VM Operations (0 events):
No events

Events (0 events):
No events


Dynamic libraries:
0x00007ff7cbf20000 - 0x00007ff7cbf30000 	C:\Program Files\Java\jdk-21\bin\javaw.exe
0x00007ff90eb70000 - 0x00007ff90ed68000 	C:\WINDOWS\SYSTEM32\ntdll.dll
0x00007ff90d600000 - 0x00007ff90d6c2000 	C:\WINDOWS\System32\KERNEL32.DLL
0x00007ff90c740000 - 0x00007ff90ca36000 	C:\WINDOWS\System32\KERNELBASE.dll
0x00007ff90c640000 - 0x00007ff90c740000 	C:\WINDOWS\System32\ucrtbase.dll
0x00007ff8d8ed0000 - 0x00007ff8d8ee9000 	C:\Program Files\Java\jdk-21\bin\jli.dll
0x00007ff90cb90000 - 0x00007ff90cc41000 	C:\WINDOWS\System32\ADVAPI32.dll
0x00007ff90d3c0000 - 0x00007ff90d45e000 	C:\WINDOWS\System32\msvcrt.dll
0x00007ff90e6f0000 - 0x00007ff90e78f000 	C:\WINDOWS\System32\sechost.dll
0x00007ff8e6b10000 - 0x00007ff8e6b2b000 	C:\Program Files\Java\jdk-21\bin\VCRUNTIME140.dll
0x00007ff90e9a0000 - 0x00007ff90eac3000 	C:\WINDOWS\System32\RPCRT4.dll
0x00007ff90c400000 - 0x00007ff90c427000 	C:\WINDOWS\System32\bcrypt.dll
0x00007ff90d460000 - 0x00007ff90d5fd000 	C:\WINDOWS\System32\USER32.dll
0x00007ff90c430000 - 0x00007ff90c452000 	C:\WINDOWS\System32\win32u.dll
0x00007ff90d750000 - 0x00007ff90d77b000 	C:\WINDOWS\System32\GDI32.dll
0x00007ff90c200000 - 0x00007ff90c319000 	C:\WINDOWS\System32\gdi32full.dll
0x00007ff90caf0000 - 0x00007ff90cb8d000 	C:\WINDOWS\System32\msvcp_win.dll
0x00007ff8f7d10000 - 0x00007ff8f7faa000 	C:\WINDOWS\WinSxS\amd64_microsoft.windows.common-controls_6595b64144ccf1df_6.0.19041.5915_none_60b4b9d171f9c7c7\COMCTL32.dll
0x00007ff906760000 - 0x00007ff90676a000 	C:\WINDOWS\SYSTEM32\VERSION.dll
0x00007ff90e550000 - 0x00007ff90e57f000 	C:\WINDOWS\System32\IMM32.DLL
0x00007ff8d9160000 - 0x00007ff8d916c000 	C:\Program Files\Java\jdk-21\bin\vcruntime140_1.dll
0x00007ff8ac000000 - 0x00007ff8ac08e000 	C:\Program Files\Java\jdk-21\bin\msvcp140.dll
0x00007ff86f740000 - 0x00007ff870453000 	C:\Program Files\Java\jdk-21\bin\server\jvm.dll
0x00007ff90e420000 - 0x00007ff90e48b000 	C:\WINDOWS\System32\WS2_32.dll
0x00007ff90b790000 - 0x00007ff90b7db000 	C:\WINDOWS\SYSTEM32\POWRPROF.dll
0x00007ff9041e0000 - 0x00007ff904207000 	C:\WINDOWS\SYSTEM32\WINMM.dll
0x00007ff90b600000 - 0x00007ff90b612000 	C:\WINDOWS\SYSTEM32\UMPDC.dll
0x00007ff90aa20000 - 0x00007ff90aa32000 	C:\WINDOWS\SYSTEM32\kernel.appcore.dll
0x00007ff8d8f60000 - 0x00007ff8d8f6a000 	C:\Program Files\Java\jdk-21\bin\jimage.dll
0x00007ff8faae0000 - 0x00007ff8face1000 	C:\WINDOWS\SYSTEM32\DBGHELP.DLL
0x00007ff8e6880000 - 0x00007ff8e68b4000 	C:\WINDOWS\SYSTEM32\dbgcore.DLL
0x00007ff90c370000 - 0x00007ff90c3f2000 	C:\WINDOWS\System32\bcryptPrimitives.dll
0x00007ff8d5920000 - 0x00007ff8d593f000 	C:\Program Files\Java\jdk-21\bin\java.dll

dbghelp: loaded successfully - version: 4.0.5 - missing functions: none
symbol engine: initialized successfully - sym options: 0x614 - pdb path: .;C:\Program Files\Java\jdk-21\bin;C:\WINDOWS\SYSTEM32;C:\WINDOWS\WinSxS\amd64_microsoft.windows.common-controls_6595b64144ccf1df_6.0.19041.5915_none_60b4b9d171f9c7c7;C:\Program Files\Java\jdk-21\bin\server

VM Arguments:
jvm_args: -Dfile.encoding=UTF-8 -Dstdout.encoding=UTF-8 -Dstderr.encoding=UTF-8 -XX:+ShowCodeDetailsInExceptionMessages 
java_command: projet.MainAdherent
java_class_path (initial): C:\Users\Douns\eclipse-workspace\BibliothèqueProjet\bin
Launcher Type: SUN_STANDARD

[Global flags]
     intx CICompilerCount                          = 3                                         {product} {ergonomic}
     uint ConcGCThreads                            = 1                                         {product} {ergonomic}
     uint G1ConcRefinementThreads                  = 4                                         {product} {ergonomic}
   size_t G1HeapRegionSize                         = 2097152                                   {product} {ergonomic}
    uintx GCDrainStackTargetSize                   = 64                                        {product} {ergonomic}
   size_t InitialHeapSize                          = 268435456                                 {product} {ergonomic}
   size_t MarkStackSize                            = 4194304                                   {product} {ergonomic}
   size_t MaxHeapSize                              = 4273995776                                {product} {ergonomic}
   size_t MinHeapDeltaBytes                        = 2097152                                   {product} {ergonomic}
   size_t MinHeapSize                              = 8388608                                   {product} {ergonomic}
    uintx NonNMethodCodeHeapSize                   = 5832780                                {pd product} {ergonomic}
    uintx NonProfiledCodeHeapSize                  = 122912730                              {pd product} {ergonomic}
    uintx ProfiledCodeHeapSize                     = 122912730                              {pd product} {ergonomic}
    uintx ReservedCodeCacheSize                    = 251658240                              {pd product} {ergonomic}
     bool SegmentedCodeCache                       = true                                      {product} {ergonomic}
     bool ShowCodeDetailsInExceptionMessages       = true                                   {manageable} {command line}
   size_t SoftMaxHeapSize                          = 4273995776                             {manageable} {ergonomic}
     bool UseCompressedOops                        = true                           {product lp64_product} {ergonomic}
     bool UseG1GC                                  = true                                      {product} {ergonomic}
     bool UseLargePagesIndividualAllocation        = false                                  {pd product} {ergonomic}

Logging:
Log output configuration:
 #0: stdout all=warning uptime,level,tags foldmultilines=false
 #1: stderr all=off uptime,level,tags foldmultilines=false

Environment Variables:
JAVA_HOME=C:\Program Files\Java\jdk-21
PATH=C:\Program Files\Common Files\Oracle\Java\javapath;C:\ProgramData\Oracle\Java\javapath;C:\Program Files (x86)\Intel\iCLS Client\;C:\Program Files\Intel\iCLS Client\;C:\Windows\system32;C:\Windows;C:\Windows\System32\Wbem;C:\Windows\System32\WindowsPowerShell\v1.0\;C:\Program Files (x86)\Intel\Intel(R) Management Engine Components\DAL;C:\Program Files\Intel\Intel(R) Management Engine Components\DAL;C:\Program Files (x86)\Intel\Intel(R) Management Engine Components\IPT;C:\Program Files\Intel\Intel(R) Management Engine Components\IPT;C:\Program Files\Intel\WiFi\bin\;C:\Program Files\Common Files\Intel\WirelessCommon\;C:\WINDOWS\system32;C:\WINDOWS;C:\WINDOWS\System32\Wbem;C:\WINDOWS\System32\WindowsPowerShell\v1.0\;C:\Program Files\dotnet\;C:\wamp64\bin\php\php8.3.6;C:\wamp64\bin\php\php8.2.18;C:\Program Files\Git\cmd;C:\Program Files\GitHub CLI\;C:\ProgramData\ComposerSetup\bin;C:\Program Files\nodejs\;;C:\Program Files\NVIDIA Corporation\NVIDIA App\NvDLISR;C:\Program Files (x86)\NVIDIA Corporation\PhysX\Common;C:\Users\Douns\AppData\Local\Microsoft\WindowsApps;C:\Users\Douns\AppData\Local\Programs\Microsoft VS Code\bin;C:\Users\Douns\AppData\Roaming\npm;C:\Users\Douns\AppData\Local\JetBrains\Toolbox\scripts;
USERNAME=Douns
OS=Windows_NT
PROCESSOR_IDENTIFIER=Intel64 Family 6 Model 78 Stepping 3, GenuineIntel
TMP=C:\Users\Douns\AppData\Local\Temp
TEMP=C:\Users\Douns\AppData\Local\Temp




Periodic native trim disabled

---------------  S Y S T E M  ---------------

OS:
 Windows 10 , 64 bit Build 19041 (10.0.19041.5915)
OS uptime: 7 days 8:23 hours

CPU: total 4 (initial active 4) (2 cores per cpu, 2 threads per core) family 6 model 78 stepping 3 microcode 0xcc, cx8, cmov, fxsr, ht, mmx, 3dnowpref, sse, sse2, sse3, ssse3, sse4.1, sse4.2, popcnt, lzcnt, tsc, tscinvbit, avx, avx2, aes, erms, clmul, bmi1, bmi2, rtm, adx, fma, vzeroupper, clflush, clflushopt, rdtscp, f16c
Processor Information for all 4 processors :
  Max Mhz: 2801, Current Mhz: 2700, Mhz Limit: 2688

Memory: 4k page, system-wide physical 16299M (5401M free)
TotalPageFile size 18347M (AvailPageFile size 114M)
current process WorkingSet (physical memory assigned to process): 10M, peak: 10M
current process commit charge ("private bytes"): 52M, peak: 307M

vm_info: Java HotSpot(TM) 64-Bit Server VM (21.0.4+8-LTS-274) for windows-amd64 JRE (21.0.4+8-LTS-274), built on 2024-06-05T05:23:33Z by "mach5one" with MS VC++ 17.6 (VS2022)

END.
